This is XeTeX, Version 3.14159265-2.6-0.99998 (TeX Live 2017/W32TeX) (preloaded format=xelatex 2018.9.5)  2 OCT 2020 23:05
entering extended mode
 restricted \write18 enabled.
 %&-line parsing enabled.
**./0Filter.tex
(./0Filter.tex
LaTeX2e <2017-04-15>
Babel <3.10> and hyphenation patterns for 84 language(s) loaded.
(./revtex4-2.cls
Document Class: revtex4-2 2019/01/18/14:29:48 4.2c (https://journals.aps.org/re
vtex/ for documentation)
 Copyright (c) 2019 American Physical Society.
 mailto:revtex@aps.org
 Licensed under the LPPL:
http://www.ctan.org/tex-archive/macros/latex/base/lppl.txt
 Arthur Ogawa <arthur_ogawa at sbcglobal dot net>
 Based on work by David Carlisle <david at dcarlisle.demon.co.uk>Version (4.2c)
: Modified by Mark Doyle
 .
ltxutil[2019/01/18/14:29:48 4.2c utilities package (portions licensed from W. E
. Baxter web at superscript.com)]
LaTeX Info: Redefining \@centercr on input line 315.
Class revtex4-2 Info: Repairing broken LaTeX eqnarray on input line 365.
\eqncolsep=\skip41
Class revtex4-2 Info: Repairing hyperref-unfriendly LaTeX definition of \mpfoot
note on input line 440.
Class revtex4-2 Info: Repairing broken LateX \@sect on input line 762.
\intertabularlinepenalty=\count79
\@tbpen=\count80
\@arstrutbox@hline=\box26
Class revtex4-2 Info: Repairing broken LaTeX \@xbitor on input line 1793.
Class revtex4-2 Info: Making \typeout \long on input line 2053.
ltxfront[2019/01/18/14:29:48 4.2c frontmatter package (AO,DPC,MD)]
\c@affil=\count81
\c@collab=\count82
\absbox=\box27
ltxgrid[2019/01/18/14:29:48 4.2c page grid package (portions licensed from W. E
. Baxter web at superscript.com)]
\c@linecount=\count83
\output@latex=\toks14
\box@size@1=\box28
\box@size@2=\box29
\@protection@box=\box30
\@topmark@saved=\toks15
\footins@saved=\box31
\footins@recovered=\box32
\column@recovered=\box33
\pagesofar=\box34
\footsofar=\box35
\pagegrid@col=\count84
Class revtex4-2 Info: Overriding \@vspace, \@vspacer, \@no@pgbk, \@newline, and
 \\  on input line 5585.
\c@part=\count85
\c@section=\count86
\c@subsection=\count87
\c@subsubsection=\count88
\c@paragraph=\count89
\c@subparagraph=\count90
\abovecaptionskip=\skip42
\belowcaptionskip=\skip43
\c@figure=\count91
\fbox@1=\box36
\c@table=\count92
\fbox@2=\box37
\c@video=\count93
\fbox@4=\box38
\@bibdataout=\write3
\widetext@top=\box39
\widetext@bot=\box40
Class revtex4-2 Info: Selecting society aip on input line 7581.
(./aip4-2.rtx
File: aip4-2.rtx 2019/01/18/14:29:48 4.2c AIP substyle for REVTeX
Class revtex4-2 Info: RevTeX society AIP selected on input line 87.
)

Class revtex4-2 Warning: No journal specified, using default cha.

Using journal substyle cha.
Class revtex4-2 Info: Reading file aps10pt4-2.rtx on input line 7586.
(./aps10pt4-2.rtx
File: aps10pt4-2 2019/01/18/14:29:48 4.2c (https://journals.aps.org/revtex/ for
 documentation)
Class revtex4-2 Info: RevTeX pointsize 10pt selected on input line 36.
)
Class revtex4-2 Info: Overriding 10pt on input line 7586.
 (c:/texlive/2017/texmf-dist/tex/latex/textcase/textcase.sty
Package: textcase 2004/10/07 v0.07 Text only upper/lower case changing (DPC)
) (c:/texlive/2017/texmf-dist/tex/latex/url/url.sty
\Urlmuskip=\muskip10
Package: url 2013/09/16  ver 3.4  Verb mode for urls, etc.
)
(c:/texlive/2017/texmf-dist/tex/latex/natbib/natbib.sty
Package: natbib 2010/09/13 8.31b (PWD, AO)
\bibhang=\skip44
\bibsep=\skip45
LaTeX Info: Redefining \cite on input line 694.
\c@NAT@ctr=\count94
)
Class revtex4-2 Info: Repairing natbib's \BibitemShut on input line 7588.
 (./revsymb4-2.sty
Package: revsymb4-2 2019/01/18/14:29:48 4.2c (https://journals.aps.org/revtex/ 
for documentation)
LaTeX Info: Redefining \REV@mathfrak on input line 125.
))
(c:/texlive/2017/texmf-dist/tex/latex/graphics/graphicx.sty
Package: graphicx 2014/10/28 v1.0g Enhanced LaTeX Graphics (DPC,SPQR)

(c:/texlive/2017/texmf-dist/tex/latex/graphics/keyval.sty
Package: keyval 2014/10/28 v1.15 key=value parser (DPC)
\KV@toks@=\toks16
)
(c:/texlive/2017/texmf-dist/tex/latex/graphics/graphics.sty
Package: graphics 2017/04/14 v1.1b Standard LaTeX Graphics (DPC,SPQR)

(c:/texlive/2017/texmf-dist/tex/latex/graphics/trig.sty
Package: trig 2016/01/03 v1.10 sin cos tan (DPC)
)
(c:/texlive/2017/texmf-dist/tex/latex/graphics-cfg/graphics.cfg
File: graphics.cfg 2016/06/04 v1.11 sample graphics configuration
)
Package graphics Info: Driver file: xetex.def on input line 99.

(c:/texlive/2017/texmf-dist/tex/latex/graphics-def/xetex.def
File: xetex.def 2016/07/11 v4.10 LaTeX color/graphics driver for XeTeX (L3/RRM/
JK)
))
\Gin@req@height=\dimen102
\Gin@req@width=\dimen103
)
(c:/texlive/2017/texmf-dist/tex/latex/tools/dcolumn.sty
Package: dcolumn 2014/10/28 v1.06 decimal alignment package (DPC)

(c:/texlive/2017/texmf-dist/tex/latex/tools/array.sty
Package: array 2016/10/06 v2.4d Tabular extension package (FMi)
\col@sep=\dimen104
\extrarowheight=\dimen105
\NC@list=\toks17
\extratabsurround=\skip46
\backup@length=\skip47
))
(c:/texlive/2017/texmf-dist/tex/latex/tools/bm.sty
Package: bm 2017/01/16 v1.2c Bold Symbol Support (DPC/FMi)
\symboldoperators=\mathgroup4
\symboldletters=\mathgroup5
\symboldsymbols=\mathgroup6
LaTeX Font Info:    Redeclaring math alphabet \mathbf on input line 141.
LaTeX Info: Redefining \bm on input line 207.
)
(c:/texlive/2017/texmf-dist/tex/latex/amsmath/amsmath.sty
Package: amsmath 2016/11/05 v2.16a AMS math features
\@mathmargin=\skip48

For additional information on amsmath, use the `?' option.
(c:/texlive/2017/texmf-dist/tex/latex/amsmath/amstext.sty
Package: amstext 2000/06/29 v2.01 AMS text

(c:/texlive/2017/texmf-dist/tex/latex/amsmath/amsgen.sty
File: amsgen.sty 1999/11/30 v2.0 generic functions
\@emptytoks=\toks18
\ex@=\dimen106
)
LaTeX Info: Redefining \text on input line 28.
)
(c:/texlive/2017/texmf-dist/tex/latex/amsmath/amsbsy.sty
Package: amsbsy 1999/11/29 v1.2d Bold Symbols
LaTeX Info: Redefining \boldsymbol on input line 28.
\pmbraise@=\dimen107
)
(c:/texlive/2017/texmf-dist/tex/latex/amsmath/amsopn.sty
Package: amsopn 2016/03/08 v2.02 operator names
)
\inf@bad=\count95
LaTeX Info: Redefining \frac on input line 213.
\uproot@=\count96
\leftroot@=\count97
LaTeX Info: Redefining \overline on input line 375.
\classnum@=\count98
\DOTSCASE@=\count99
LaTeX Info: Redefining \ldots on input line 472.
LaTeX Info: Redefining \dots on input line 475.
LaTeX Info: Redefining \cdots on input line 596.
\Mathstrutbox@=\box41
\strutbox@=\box42
\big@size=\dimen108
LaTeX Font Info:    Redeclaring font encoding OML on input line 712.
LaTeX Font Info:    Redeclaring font encoding OMS on input line 713.
\macc@depth=\count100
\c@MaxMatrixCols=\count101
\dotsspace@=\muskip11
\c@parentequation=\count102
\dspbrk@lvl=\count103
\tag@help=\toks19
\row@=\count104
\column@=\count105
\maxfields@=\count106
\andhelp@=\toks20
\eqnshift@=\dimen109
\alignsep@=\dimen110
\tagshift@=\dimen111
\tagwidth@=\dimen112
\totwidth@=\dimen113
\lineht@=\dimen114
\@envbody=\toks21
\multlinegap=\skip49
\multlinetaggap=\skip50
\mathdisplay@stack=\toks22
LaTeX Info: Redefining \[ on input line 2817.
LaTeX Info: Redefining \] on input line 2818.
)
(c:/texlive/2017/texmf-dist/tex/latex/amsfonts/amssymb.sty
Package: amssymb 2013/01/14 v3.01 AMS font symbols

(c:/texlive/2017/texmf-dist/tex/latex/amsfonts/amsfonts.sty
Package: amsfonts 2013/01/14 v3.01 Basic AMSFonts support
\symAMSa=\mathgroup7
\symAMSb=\mathgroup8
LaTeX Font Info:    Overwriting math alphabet `\mathfrak' in version `bold'
(Font)                  U/euf/m/n --> U/euf/b/n on input line 106.
LaTeX Info: Redefining \frak on input line 111.
LaTeX Info: Redefining \Bbb on input line 113.
))
(c:/texlive/2017/texmf-dist/tex/latex/caption/caption.sty
Package: caption 2016/02/21 v3.3-144 Customizing captions (AR)

(c:/texlive/2017/texmf-dist/tex/latex/caption/caption3.sty
Package: caption3 2016/05/22 v1.7-166 caption3 kernel (AR)
Package caption3 Info: TeX engine: e-TeX on input line 67.
\captionmargin=\dimen115
\captionmargin@=\dimen116
\captionwidth=\dimen117
\caption@tempdima=\dimen118
\caption@indent=\dimen119
\caption@parindent=\dimen120
\caption@hangindent=\dimen121
Package caption Info: Unknown document class (or package),
(caption)             standard defaults will be used.
)

Package caption Warning: Unsupported document class (or package) detected,
(caption)                usage of the caption package is not recommended.
See the caption package documentation for explanation.

Package caption Info: \@makecaption = \long macro:#1#2->\par \vskip \abovecapti
onskip \begingroup \small \rmfamily \sbox \@tempboxa {\let \\\heading@cr \@make
@capt@title {#1}{#2}}\@ifdim {\wd \@tempboxa >\hsize }{\begingroup \samepage \f
lushing \let \footnote \@footnotemark@gobble \@make@capt@title {#1}{#2}\par \en
dgroup }{\global \@minipagefalse \hb@xt@ \hsize {\hfil \unhbox \@tempboxa \hfil
 }}\endgroup \vskip \belowcaptionskip .
\c@ContinuedFloat=\count107
) (c:/texlive/2017/texmf-dist/tex/latex/caption/subcaption.sty
Package: subcaption 2016/05/22 v1.1-161 Sub-captions (AR)
\c@subfigure=\count108
\c@subtable=\count109
) (./usual.sty)
Class revtex4-2 Info: Unrecognized array package. Please update this document c
lass! (Proceeding with fingers crossed.) on input line 27.
Class revtex4-2 Info: Robustifying \LaTeX's \boldmath command on input line 27.

Class revtex4-2 Info: cite was not loaded (OK!) on input line 27.
Class revtex4-2 Info: mcite was not loaded (OK!) on input line 27.
Class revtex4-2 Info: multicol was not loaded (OK!) on input line 27.

(./0Filter.aux

LaTeX Warning: Label `fig:device' multiply defined.

)
\openout1 = `0Filter.aux'.

LaTeX Font Info:    Checking defaults for OML/cmm/m/it on input line 27.
LaTeX Font Info:    ... okay on input line 27.
LaTeX Font Info:    Checking defaults for T1/cmr/m/n on input line 27.
LaTeX Font Info:    ... okay on input line 27.
LaTeX Font Info:    Checking defaults for OT1/cmr/m/n on input line 27.
LaTeX Font Info:    ... okay on input line 27.
LaTeX Font Info:    Checking defaults for OMS/cmsy/m/n on input line 27.
LaTeX Font Info:    ... okay on input line 27.
LaTeX Font Info:    Checking defaults for TU/lmr/m/n on input line 27.
LaTeX Font Info:    ... okay on input line 27.
LaTeX Font Info:    Checking defaults for OMX/cmex/m/n on input line 27.
LaTeX Font Info:    ... okay on input line 27.
LaTeX Font Info:    Checking defaults for U/cmr/m/n on input line 27.
LaTeX Font Info:    ... okay on input line 27.
Package caption Info: Begin \AtBeginDocument code.
Package caption Info: End \AtBeginDocument code.
\openout3 = `0FilterNotes.bib'.

LaTeX Font Info:    Try loading font information for U+msa on input line 99.
 (c:/texlive/2017/texmf-dist/tex/latex/amsfonts/umsa.fd
File: umsa.fd 2013/01/14 v3.01 AMS symbols A
)
LaTeX Font Info:    Try loading font information for U+msb on input line 99.

(c:/texlive/2017/texmf-dist/tex/latex/amsfonts/umsb.fd
File: umsb.fd 2013/01/14 v3.01 AMS symbols B
)
Underfull \hbox (badness 2556) in paragraph at lines 101--102
[]\TU/lmr/m/n/10 However, pump being detuned from the ampli-
 []


Underfull \hbox (badness 1077) in paragraph at lines 101--102
\TU/lmr/m/n/10 to 3-wave-mixing JPAs. As a result, in order to
 []


Underfull \hbox (badness 10000) in paragraph at lines 101--102

 []

File: figures/SPA.PNG Graphic file (type QTm)
<use  "figures/SPA.PNG" >
File: figures/FSPA.PNG Graphic file (type QTm)
 <use  "figures/FSPA.PNG" >
File: figures/circuit_1.jpg Graphic file (type QTm)

<use  "figures/circuit_1.jpg" >

Package natbib Warning: Citation `SPA' on page 1 undefined on input line 137.


Package natbib Warning: Citation `Kerr_free' on page 1 undefined on input line 
137.

[1]

Package natbib Warning: Citation `SPA' on page 2 undefined on input line 169.


Package natbib Warning: Citation `SNAIL' on page 2 undefined on input line 169.



Package natbib Warning: Citation `SPA' on page 2 undefined on input line 172.


Package natbib Warning: Citation `Kerr_free' on page 2 undefined on input line 
172.

[2]
File: figures/FluxSweep.jpg Graphic file (type QTm)
 <use  "figures/FluxSweep.jpg" >
Underfull \hbox (badness 4713) in paragraph at lines 213--215
 []\TU/lmr/m/n/10 Defined coupling rate $\OML/cmm/m/it/10 ^^T=\OT1/cmr/m/n/10 2
$\TU/lmr/m/n/10 : $[][] \OT1/cmr/m/n/10 =
 []

File: figures/fig_1.eps Graphic file (type eps)
<figures/fig_1.eps>
File: figures/fig_1.eps Graphic file (type eps)
 <figures/fig_1.eps>
File: figures/fig_1.eps Graphic file (type eps)
 <figures/fig_1.eps>
File: figures/power_efficiency.PNG Graphic file (type QTm)

<use  "figures/power_efficiency.PNG" > [3] [4]
Underfull \hbox (badness 10000) in paragraph at lines 481--482

 []

[5]
File: figures/circuit_2.jpg Graphic file (type QTm)
 <use  "figures/circuit_2.jpg" > [6]
File: figures/circuit_3.jpg Graphic file (type QTm)
 <use  "figures/circuit_3.jpg" >

Package natbib Warning: Citation `SPA' on page 7 undefined on input line 601.

(./0Filter.bbl)

Class revtex4-2 Warning: Command \draft is obsolete;
Invoke option draft instead..


Package natbib Warning: There were undefined citations.

[7] (./0Filter.aux)

LaTeX Warning: There were multiply-defined labels.

 ) 
Here is how much of TeX's memory you used:
 4996 strings out of 493005
 67685 string characters out of 6137957
 190319 words of memory out of 5000000
 8890 multiletter control sequences out of 15000+600000
 13140 words of font info for 61 fonts, out of 8000000 for 9000
 1348 hyphenation exceptions out of 8191
 36i,9n,46p,1026b,521s stack positions out of 5000i,500n,10000p,200000b,80000s

Output written on 0Filter.xdv (7 pages, 226108 bytes).
